warn: Warning msg
error: ERROR MESSAGE SENDING TO LOGER
error: ERROR MESSAGE SENDING TO LOGER
fatal: ERROR MESSAGE SENDING TO LOGER
error: Mensaje de Error
fatal: Mensaje de Fatal
error: Mensaje de Error
fatal: Mensaje de Fatal
error: Mensaje de Error
fatal: Mensaje de Fatal
error: Mensaje de Error
fatal: Mensaje de Fatal
error: Mensaje de Error
fatal: Mensaje de Fatal
error: GET en /loggerTest - 9/2/2024
error: Mensaje de Error
fatal: Mensaje de Fatal
error: GET en /loggerTest - 9/2/2024
fatal: GET en /loggerTest - 9/2/2024
error: Mensaje de Error
fatal: Mensaje de Fatal
error: GET en /loggerTest - 9/2/2024 4:28:14
fatal: GET en /loggerTest - 9/2/2024 4:28:14
error: Mensaje de Error
fatal: Mensaje de Fatal
error: GET en /loggerTest - 9/2/2024 4:28:55
fatal: GET en /loggerTest - 9/2/2024 4:28:55
error: Mensaje de Error
fatal: Mensaje de Fatal
